0 info it worked if it ends with ok
1 verbose cli [ 'C:\\Program Files\\nodejs\\node.exe',
1 verbose cli   'C:\\Program Files\\nodejs\\node_modules\\npm\\bin\\npm-cli.js',
1 verbose cli   'start' ]
2 info using npm@3.10.10
3 info using node@v6.11.1
4 verbose run-script [ 'prestart', 'start', 'poststart' ]
5 info lifecycle node-token-jwt@~prestart: node-token-jwt@
6 silly lifecycle node-token-jwt@~prestart: no script for prestart, continuing
7 info lifecycle node-token-jwt@~start: node-token-jwt@
8 verbose lifecycle node-token-jwt@~start: unsafe-perm in lifecycle true
9 verbose lifecycle node-token-jwt@~start: PATH: C:\Program Files\nodejs\node_modules\npm\bin\node-gyp-bin;C:\side\apis\login-rest-api\app\node_modules\.bin;C:\Users\evinigu\AppData\Local\Android\sdk\platform-tools;C:\Python27\;C:\Python27\Scripts;C:\Program Files\Java\jdk1.8.0_144\bin;C:\hadoop\bin;C:\ant\apache-ant-1.9.6\bin;C:\Program Files (x86)\Intel\iCLS Client\;C:\Program Files\Intel\iCLS Client\;C:\windows\system32;C:\windows;C:\windows\System32\Wbem;C:\windows\System32\WindowsPowerShell\v1.0\;C:\windows\system32;C:\windows;C:\windows\System32\Wbem;C:\Program Files (x86)\SQL11\DLL;C:\Program Files (x86)\SQL11\BIN;C:\Program Files\Intel\Intel(R) Management Engine Components\DAL;C:\Program Files\Intel\Intel(R) Management Engine Components\IPT;C:\Program Files (x86)\Intel\Intel(R) Management Engine Components\DAL;C:\Program Files (x86)\Intel\Intel(R) Management Engine Components\IPT;C:\Program Files (x86)\OpenSSH\bin;C:\Python27;C:\maven\bin;C:\Program Files\Git\cmd;C:\Program Files (x86)\CheckPoint\Endpoint Security\Endpoint Common\bin;C:\Program Files\IDM Computer Solutions\UltraEdit;C:\Program Files\nodejs;C:\Program Files\PuTTY\;C:\gwt\gwt-2.5.1;C:\Python27;C:\Python27\Scripts;C:\Program Files\TortoiseSVN\bin;C:\Program Files (x86)\Subversion\bin;C:\Program Files (x86)\sbt\bin;C:\PostgreSQL\pg96\bin;C:\Program Files\MongoDB\Server\3.4\bin;C:\Program Files (x86)\Skype\Phone\;C:\Program Files\nodejs\;C:\ProgramData\chocolatey\bin;C:\Program Files\Java\jdk1.8.0_144\bin;C:\Program Files\Intel\WiFi\bin\;C:\Program Files\Common Files\Intel\WirelessCommon\;C:\Ruby24-x64\bin;C:\Users\evinigu\AppData\Roaming\npm
10 verbose lifecycle node-token-jwt@~start: CWD: C:\side\apis\login-rest-api\app
11 silly lifecycle node-token-jwt@~start: Args: [ '/d /s /c', 'node index.js' ]
12 silly lifecycle node-token-jwt@~start: Returned: code: 3221225786  signal: null
13 info lifecycle node-token-jwt@~start: Failed to exec start script
14 verbose stack Error: node-token-jwt@ start: `node index.js`
14 verbose stack Exit status 3221225786
14 verbose stack     at EventEmitter.<anonymous> (C:\Program Files\nodejs\node_modules\npm\lib\utils\lifecycle.js:255:16)
14 verbose stack     at emitTwo (events.js:106:13)
14 verbose stack     at EventEmitter.emit (events.js:191:7)
14 verbose stack     at ChildProcess.<anonymous> (C:\Program Files\nodejs\node_modules\npm\lib\utils\spawn.js:40:14)
14 verbose stack     at emitTwo (events.js:106:13)
14 verbose stack     at ChildProcess.emit (events.js:191:7)
14 verbose stack     at maybeClose (internal/child_process.js:891:16)
14 verbose stack     at Process.ChildProcess._handle.onexit (internal/child_process.js:226:5)
15 verbose pkgid node-token-jwt@
16 verbose cwd C:\side\apis\login-rest-api\app
17 error Windows_NT 6.1.7601
18 error argv "C:\\Program Files\\nodejs\\node.exe" "C:\\Program Files\\nodejs\\node_modules\\npm\\bin\\npm-cli.js" "start"
19 error node v6.11.1
20 error npm  v3.10.10
21 error code ELIFECYCLE
22 error node-token-jwt@ start: `node index.js`
22 error Exit status 3221225786
23 error Failed at the node-token-jwt@ start script 'node index.js'.
23 error Make sure you have the latest version of node.js and npm installed.
23 error If you do, this is most likely a problem with the node-token-jwt package,
23 error not with npm itself.
23 error Tell the author that this fails on your system:
23 error     node index.js
23 error You can get information on how to open an issue for this project with:
23 error     npm bugs node-token-jwt
23 error Or if that isn't available, you can get their info via:
23 error     npm owner ls node-token-jwt
23 error There is likely additional logging output above.
24 verbose exit [ 1, true ]
